<?xml version="1.0" encoding="UTF-8"?>
<coverage generated="1640722621023" clover="3.2.0">
  <project timestamp="1640722621023" name="All files">
    <metrics statements="38" coveredstatements="37" conditionals="24" coveredconditionals="21" methods="10" coveredmethods="10" elements="72" coveredelements="68" complexity="0" loc="38" ncloc="38" packages="1" files="3" classes="3"/>
    <file name="scooter.js" path="/Users/rshen/Desktop/Multiverse Bootcamp/OOP Challenge - Scooter hire system/src/scooter.js">
      <metrics statements="9" coveredstatements="9" conditionals="8" coveredconditionals="8" methods="2" coveredmethods="2"/>
      <line num="1" count="2" type="stmt"/>
      <line num="5" count="6" type="stmt"/>
      <line num="6" count="6" type="stmt"/>
      <line num="12" count="5" type="cond" truecount="4" falsecount="0"/>
      <line num="13" count="2" type="stmt"/>
      <line num="14" count="3" type="cond" truecount="4" falsecount="0"/>
      <line num="15" count="1" type="stmt"/>
      <line num="17" count="2" type="stmt"/>
      <line num="22" count="2" type="stmt"/>
    </file>
    <file name="station.js" path="/Users/rshen/Desktop/Multiverse Bootcamp/OOP Challenge - Scooter hire system/src/station.js">
      <metrics statements="8" coveredstatements="8" conditionals="2" coveredconditionals="1" methods="3" coveredmethods="3"/>
      <line num="3" count="2" type="stmt"/>
      <line num="4" count="2" type="stmt"/>
      <line num="5" count="2" type="stmt"/>
      <line num="8" count="2" type="stmt"/>
      <line num="9" count="2" type="cond" truecount="1" falsecount="1"/>
      <line num="13" count="1" type="stmt"/>
      <line num="14" count="1" type="stmt"/>
      <line num="18" count="3" type="stmt"/>
    </file>
    <file name="user.js" path="/Users/rshen/Desktop/Multiverse Bootcamp/OOP Challenge - Scooter hire system/src/user.js">
      <metrics statements="21" coveredstatements="20" conditionals="14" coveredconditionals="12" methods="5" coveredmethods="5"/>
      <line num="1" count="2" type="stmt"/>
      <line num="5" count="15" type="stmt"/>
      <line num="6" count="15" type="stmt"/>
      <line num="7" count="15" type="stmt"/>
      <line num="8" count="15" type="stmt"/>
      <line num="9" count="15" type="stmt"/>
      <line num="10" count="15" type="stmt"/>
      <line num="14" count="3" type="cond" truecount="1" falsecount="1"/>
      <line num="15" count="3" type="stmt"/>
      <line num="16" count="3" type="stmt"/>
      <line num="17" count="3" type="stmt"/>
      <line num="19" count="0" type="stmt"/>
      <line num="26" count="4" type="stmt"/>
      <line num="27" count="4" type="stmt"/>
      <line num="31" count="5" type="cond" truecount="4" falsecount="0"/>
      <line num="32" count="2" type="stmt"/>
      <line num="33" count="3" type="cond" truecount="4" falsecount="0"/>
      <line num="34" count="1" type="stmt"/>
      <line num="36" count="2" type="stmt"/>
      <line num="41" count="1" type="cond" truecount="3" falsecount="1"/>
      <line num="45" count="2" type="stmt"/>
    </file>
  </project>
</coverage>
