{"/Users/rshen/Desktop/Multiverse Bootcamp/OOP Challenge - Scooter hire system/src/scooter.js": {"path":"/Users/rshen/Desktop/Multiverse Bootcamp/OOP Challenge - Scooter hire system/src/scooter.js","statementMap":{"0":{"start":{"line":1,"column":16},"end":{"line":1,"column":36}},"1":{"start":{"line":5,"column":2},"end":{"line":5,"column":24}},"2":{"start":{"line":6,"column":2},"end":{"line":6,"column":24}},"3":{"start":{"line":12,"column":8},"end":{"line":18,"column":3}},"4":{"start":{"line":13,"column":12},"end":{"line":13,"column":39}},"5":{"start":{"line":14,"column":9},"end":{"line":18,"column":3}},"6":{"start":{"line":15,"column":12},"end":{"line":15,"column":66}},"7":{"start":{"line":17,"column":3},"end":{"line":17,"column":44}},"8":{"start":{"line":22,"column":0},"end":{"line":22,"column":24}}},"fnMap":{"0":{"name":"(anonymous_0)","decl":{"start":{"line":4,"column":1},"end":{"line":4,"column":2}},"loc":{"start":{"line":4,"column":30},"end":{"line":8,"column":2}},"line":4},"1":{"name":"(anonymous_1)","decl":{"start":{"line":10,"column":1},"end":{"line":10,"column":2}},"loc":{"start":{"line":10,"column":15},"end":{"line":19,"column":2}},"line":10}},"branchMap":{"0":{"loc":{"start":{"line":12,"column":8},"end":{"line":18,"column":3}},"type":"if","locations":[{"start":{"line":12,"column":8},"end":{"line":18,"column":3}},{"start":{"line":14,"column":9},"end":{"line":18,"column":3}}],"line":12},"1":{"loc":{"start":{"line":12,"column":11},"end":{"line":12,"column":64}},"type":"binary-expr","locations":[{"start":{"line":12,"column":12},"end":{"line":12,"column":24}},{"start":{"line":12,"column":30},"end":{"line":12,"column":63}}],"line":12},"2":{"loc":{"start":{"line":14,"column":9},"end":{"line":18,"column":3}},"type":"if","locations":[{"start":{"line":14,"column":9},"end":{"line":18,"column":3}},{"start":{"line":16,"column":14},"end":{"line":18,"column":3}}],"line":14},"3":{"loc":{"start":{"line":14,"column":12},"end":{"line":14,"column":66}},"type":"binary-expr","locations":[{"start":{"line":14,"column":13},"end":{"line":14,"column":26}},{"start":{"line":14,"column":32},"end":{"line":14,"column":65}}],"line":14}},"s":{"0":2,"1":6,"2":6,"3":5,"4":2,"5":3,"6":1,"7":2,"8":2},"f":{"0":6,"1":5},"b":{"0":[2,3],"1":[5,4],"2":[1,2],"3":[3,1]},"_coverageSchema":"1a1c01bbd47fc00a2c39e90264f33305004495a9","hash":"c31014e2f1a739cf475de2dfe25482c2b0efd532"}
,"/Users/rshen/Desktop/Multiverse Bootcamp/OOP Challenge - Scooter hire system/src/station.js": {"path":"/Users/rshen/Desktop/Multiverse Bootcamp/OOP Challenge - Scooter hire system/src/station.js","statementMap":{"0":{"start":{"line":3,"column":8},"end":{"line":3,"column":32}},"1":{"start":{"line":4,"column":8},"end":{"line":4,"column":36}},"2":{"start":{"line":5,"column":8},"end":{"line":5,"column":26}},"3":{"start":{"line":8,"column":17},"end":{"line":9,"column":116}},"4":{"start":{"line":9,"column":9},"end":{"line":9,"column":115}},"5":{"start":{"line":13,"column":8},"end":{"line":13,"column":35}},"6":{"start":{"line":14,"column":8},"end":{"line":14,"column":35}},"7":{"start":{"line":18,"column":0},"end":{"line":18,"column":24}}},"fnMap":{"0":{"name":"(anonymous_0)","decl":{"start":{"line":2,"column":4},"end":{"line":2,"column":5}},"loc":{"start":{"line":2,"column":36},"end":{"line":6,"column":5}},"line":2},"1":{"name":"(anonymous_1)","decl":{"start":{"line":8,"column":17},"end":{"line":8,"column":18}},"loc":{"start":{"line":9,"column":8},"end":{"line":9,"column":116}},"line":9},"2":{"name":"(anonymous_2)","decl":{"start":{"line":12,"column":4},"end":{"line":12,"column":5}},"loc":{"start":{"line":12,"column":33},"end":{"line":15,"column":5}},"line":12}},"branchMap":{"0":{"loc":{"start":{"line":9,"column":16},"end":{"line":9,"column":114}},"type":"cond-expr","locations":[{"start":{"line":9,"column":51},"end":{"line":9,"column":71}},{"start":{"line":9,"column":72},"end":{"line":9,"column":114}}],"line":9}},"s":{"0":2,"1":2,"2":2,"3":2,"4":2,"5":1,"6":1,"7":3},"f":{"0":2,"1":2,"2":1},"b":{"0":[2,0]},"_coverageSchema":"1a1c01bbd47fc00a2c39e90264f33305004495a9","hash":"b044a1678ed9c4576001100ca98fa54bf9d1aaaf"}
,"/Users/rshen/Desktop/Multiverse Bootcamp/OOP Challenge - Scooter hire system/src/user.js": {"path":"/Users/rshen/Desktop/Multiverse Bootcamp/OOP Challenge - Scooter hire system/src/user.js","statementMap":{"0":{"start":{"line":1,"column":16},"end":{"line":1,"column":36}},"1":{"start":{"line":5,"column":2},"end":{"line":5,"column":18}},"2":{"start":{"line":6,"column":2},"end":{"line":6,"column":22}},"3":{"start":{"line":7,"column":2},"end":{"line":7,"column":19}},"4":{"start":{"line":8,"column":8},"end":{"line":8,"column":32}},"5":{"start":{"line":9,"column":8},"end":{"line":9,"column":30}},"6":{"start":{"line":10,"column":8},"end":{"line":10,"column":36}},"7":{"start":{"line":14,"column":2},"end":{"line":20,"column":5}},"8":{"start":{"line":15,"column":8},"end":{"line":15,"column":37}},"9":{"start":{"line":16,"column":2},"end":{"line":16,"column":24}},"10":{"start":{"line":17,"column":8},"end":{"line":17,"column":66}},"11":{"start":{"line":19,"column":8},"end":{"line":19,"column":59}},"12":{"start":{"line":26,"column":8},"end":{"line":26,"column":48}},"13":{"start":{"line":27,"column":8},"end":{"line":27,"column":30}},"14":{"start":{"line":31,"column":8},"end":{"line":37,"column":9}},"15":{"start":{"line":32,"column":12},"end":{"line":32,"column":90}},"16":{"start":{"line":33,"column":14},"end":{"line":37,"column":9}},"17":{"start":{"line":34,"column":12},"end":{"line":34,"column":110}},"18":{"start":{"line":36,"column":12},"end":{"line":36,"column":89}},"19":{"start":{"line":41,"column":8},"end":{"line":41,"column":124}},"20":{"start":{"line":45,"column":0},"end":{"line":45,"column":31}}},"fnMap":{"0":{"name":"(anonymous_0)","decl":{"start":{"line":4,"column":1},"end":{"line":4,"column":2}},"loc":{"start":{"line":4,"column":55},"end":{"line":11,"column":2}},"line":4},"1":{"name":"(anonymous_1)","decl":{"start":{"line":13,"column":1},"end":{"line":13,"column":2}},"loc":{"start":{"line":13,"column":21},"end":{"line":21,"column":2}},"line":13},"2":{"name":"(anonymous_2)","decl":{"start":{"line":25,"column":4},"end":{"line":25,"column":5}},"loc":{"start":{"line":25,"column":58},"end":{"line":28,"column":5}},"line":25},"3":{"name":"(anonymous_3)","decl":{"start":{"line":30,"column":4},"end":{"line":30,"column":5}},"loc":{"start":{"line":30,"column":26},"end":{"line":38,"column":5}},"line":30},"4":{"name":"(anonymous_4)","decl":{"start":{"line":40,"column":4},"end":{"line":40,"column":5}},"loc":{"start":{"line":40,"column":32},"end":{"line":42,"column":5}},"line":40}},"branchMap":{"0":{"loc":{"start":{"line":14,"column":2},"end":{"line":20,"column":5}},"type":"if","locations":[{"start":{"line":14,"column":2},"end":{"line":20,"column":5}},{"start":{"line":18,"column":9},"end":{"line":20,"column":5}}],"line":14},"1":{"loc":{"start":{"line":31,"column":8},"end":{"line":37,"column":9}},"type":"if","locations":[{"start":{"line":31,"column":8},"end":{"line":37,"column":9}},{"start":{"line":33,"column":14},"end":{"line":37,"column":9}}],"line":31},"2":{"loc":{"start":{"line":31,"column":11},"end":{"line":31,"column":59}},"type":"binary-expr","locations":[{"start":{"line":31,"column":12},"end":{"line":31,"column":36}},{"start":{"line":31,"column":43},"end":{"line":31,"column":57}}],"line":31},"3":{"loc":{"start":{"line":33,"column":14},"end":{"line":37,"column":9}},"type":"if","locations":[{"start":{"line":33,"column":14},"end":{"line":37,"column":9}},{"start":{"line":35,"column":13},"end":{"line":37,"column":9}}],"line":33},"4":{"loc":{"start":{"line":33,"column":18},"end":{"line":33,"column":66}},"type":"binary-expr","locations":[{"start":{"line":33,"column":19},"end":{"line":33,"column":43}},{"start":{"line":33,"column":49},"end":{"line":33,"column":64}}],"line":33},"5":{"loc":{"start":{"line":41,"column":15},"end":{"line":41,"column":123}},"type":"cond-expr","locations":[{"start":{"line":41,"column":75},"end":{"line":41,"column":98}},{"start":{"line":41,"column":99},"end":{"line":41,"column":123}}],"line":41},"6":{"loc":{"start":{"line":41,"column":15},"end":{"line":41,"column":74}},"type":"binary-expr","locations":[{"start":{"line":41,"column":16},"end":{"line":41,"column":36}},{"start":{"line":41,"column":43},"end":{"line":41,"column":72}}],"line":41}},"s":{"0":2,"1":15,"2":15,"3":15,"4":15,"5":15,"6":15,"7":3,"8":3,"9":3,"10":3,"11":0,"12":4,"13":4,"14":5,"15":2,"16":3,"17":1,"18":2,"19":1,"20":2},"f":{"0":15,"1":3,"2":4,"3":5,"4":1},"b":{"0":[3,0],"1":[2,3],"2":[5,3],"3":[1,2],"4":[3,1],"5":[1,0],"6":[1,1]},"_coverageSchema":"1a1c01bbd47fc00a2c39e90264f33305004495a9","hash":"a29e8f397c00d1f4a176485f5593ca3b183cd5de"}
}
