TN:
SF:src/scooter.js
FN:4,(anonymous_0)
FN:10,(anonymous_1)
FNF:2
FNH:2
FNDA:6,(anonymous_0)
FNDA:5,(anonymous_1)
DA:1,2
DA:5,6
DA:6,6
DA:12,5
DA:13,2
DA:14,3
DA:15,1
DA:17,2
DA:22,2
LF:9
LH:9
BRDA:12,0,0,2
BRDA:12,0,1,3
BRDA:12,1,0,5
BRDA:12,1,1,4
BRDA:14,2,0,1
BRDA:14,2,1,2
BRDA:14,3,0,3
BRDA:14,3,1,1
BRF:8
BRH:8
end_of_record
TN:
SF:src/station.js
FN:2,(anonymous_0)
FN:8,(anonymous_1)
FN:12,(anonymous_2)
FNF:3
FNH:3
FNDA:2,(anonymous_0)
FNDA:2,(anonymous_1)
FNDA:1,(anonymous_2)
DA:3,2
DA:4,2
DA:5,2
DA:8,2
DA:9,2
DA:13,1
DA:14,1
DA:18,3
LF:8
LH:8
BRDA:9,0,0,2
BRDA:9,0,1,0
BRF:2
BRH:1
end_of_record
TN:
SF:src/user.js
FN:4,(anonymous_0)
FN:13,(anonymous_1)
FN:25,(anonymous_2)
FN:30,(anonymous_3)
FN:40,(anonymous_4)
FNF:5
FNH:5
FNDA:15,(anonymous_0)
FNDA:3,(anonymous_1)
FNDA:4,(anonymous_2)
FNDA:5,(anonymous_3)
FNDA:1,(anonymous_4)
DA:1,2
DA:5,15
DA:6,15
DA:7,15
DA:8,15
DA:9,15
DA:10,15
DA:14,3
DA:15,3
DA:16,3
DA:17,3
DA:19,0
DA:26,4
DA:27,4
DA:31,5
DA:32,2
DA:33,3
DA:34,1
DA:36,2
DA:41,1
DA:45,2
LF:21
LH:20
BRDA:14,0,0,3
BRDA:14,0,1,0
BRDA:31,1,0,2
BRDA:31,1,1,3
BRDA:31,2,0,5
BRDA:31,2,1,3
BRDA:33,3,0,1
BRDA:33,3,1,2
BRDA:33,4,0,3
BRDA:33,4,1,1
BRDA:41,5,0,1
BRDA:41,5,1,0
BRDA:41,6,0,1
BRDA:41,6,1,1
BRF:14
BRH:12
end_of_record
